0 info it worked if it ends with ok
1 verbose cli [ 'C:\\Program Files\\nodejs\\node.exe',
1 verbose cli   'C:\\Program Files\\nodejs\\node_modules\\npm\\bin\\npm-cli.js',
1 verbose cli   'install',
1 verbose cli   '--save',
1 verbose cli   '@progress/kendo-angular-buttons',
1 verbose cli   '@progress/kendo-angular-l10n',
1 verbose cli   '@angular/animations' ]
2 info using npm@3.10.10
3 info using node@v6.11.0
4 silly loadCurrentTree Starting
5 silly install loadCurrentTree
6 silly install readLocalPackageData
7 silly fetchPackageMetaData @progress/kendo-angular-buttons
8 silly fetchPackageMetaData @progress/kendo-angular-l10n
9 silly fetchPackageMetaData @angular/animations
10 silly fetchNamedPackageData @progress/kendo-angular-buttons
11 silly mapToRegistry name @progress/kendo-angular-buttons
12 silly mapToRegistry scope (from package name) @progress
13 verbose mapToRegistry no registry URL found in name for scope @progress
14 silly mapToRegistry using default registry
15 silly mapToRegistry registry https://registry.npmjs.org/
16 silly mapToRegistry data Result {
16 silly mapToRegistry   raw: '@progress/kendo-angular-buttons',
16 silly mapToRegistry   scope: '@progress',
16 silly mapToRegistry   escapedName: '@progress%2fkendo-angular-buttons',
16 silly mapToRegistry   name: '@progress/kendo-angular-buttons',
16 silly mapToRegistry   rawSpec: '',
16 silly mapToRegistry   spec: 'latest',
16 silly mapToRegistry   type: 'tag' }
17 silly mapToRegistry uri https://registry.npmjs.org/@progress%2fkendo-angular-buttons
18 silly fetchNamedPackageData @progress/kendo-angular-l10n
19 silly mapToRegistry name @progress/kendo-angular-l10n
20 silly mapToRegistry scope (from package name) @progress
21 verbose mapToRegistry no registry URL found in name for scope @progress
22 silly mapToRegistry using default registry
23 silly mapToRegistry registry https://registry.npmjs.org/
24 silly mapToRegistry data Result {
24 silly mapToRegistry   raw: '@progress/kendo-angular-l10n',
24 silly mapToRegistry   scope: '@progress',
24 silly mapToRegistry   escapedName: '@progress%2fkendo-angular-l10n',
24 silly mapToRegistry   name: '@progress/kendo-angular-l10n',
24 silly mapToRegistry   rawSpec: '',
24 silly mapToRegistry   spec: 'latest',
24 silly mapToRegistry   type: 'tag' }
25 silly mapToRegistry uri https://registry.npmjs.org/@progress%2fkendo-angular-l10n
26 silly fetchNamedPackageData @angular/animations
27 silly mapToRegistry name @angular/animations
28 silly mapToRegistry scope (from package name) @angular
29 verbose mapToRegistry no registry URL found in name for scope @angular
30 silly mapToRegistry using default registry
31 silly mapToRegistry registry https://registry.npmjs.org/
32 silly mapToRegistry data Result {
32 silly mapToRegistry   raw: '@angular/animations',
32 silly mapToRegistry   scope: '@angular',
32 silly mapToRegistry   escapedName: '@angular%2fanimations',
32 silly mapToRegistry   name: '@angular/animations',
32 silly mapToRegistry   rawSpec: '',
32 silly mapToRegistry   spec: 'latest',
32 silly mapToRegistry   type: 'tag' }
33 silly mapToRegistry uri https://registry.npmjs.org/@angular%2fanimations
34 verbose request uri https://registry.npmjs.org/@progress%2fkendo-angular-buttons
35 verbose request no auth needed
36 info attempt registry request try #1 at 6:19:32 PM
37 verbose request id 7dc382c124337574
38 http request GET https://registry.npmjs.org/@progress%2fkendo-angular-buttons
39 verbose request uri https://registry.npmjs.org/@progress%2fkendo-angular-l10n
40 verbose request no auth needed
41 info attempt registry request try #1 at 6:19:32 PM
42 http request GET https://registry.npmjs.org/@progress%2fkendo-angular-l10n
43 verbose request uri https://registry.npmjs.org/@angular%2fanimations
44 verbose request no auth needed
45 info attempt registry request try #1 at 6:19:32 PM
46 http request GET https://registry.npmjs.org/@angular%2fanimations
47 http 404 https://registry.npmjs.org/@progress%2fkendo-angular-buttons
48 verbose headers { 'content-type': 'application/json',
48 verbose headers   'cache-control': 'max-age=0',
48 verbose headers   'content-length': '21',
48 verbose headers   'accept-ranges': 'bytes',
48 verbose headers   date: 'Wed, 14 Jun 2017 12:50:36 GMT',
48 verbose headers   via: '1.1 varnish',
48 verbose headers   age: '0',
48 verbose headers   connection: 'keep-alive',
48 verbose headers   'x-served-by': 'cache-lhr6338-LHR',
48 verbose headers   'x-cache': 'MISS',
48 verbose headers   'x-cache-hits': '0',
48 verbose headers   'x-timer': 'S1497444636.287622,VS0,VE541' }
49 silly get cb [ 404,
49 silly get   { 'content-type': 'application/json',
49 silly get     'cache-control': 'max-age=0',
49 silly get     'content-length': '21',
49 silly get     'accept-ranges': 'bytes',
49 silly get     date: 'Wed, 14 Jun 2017 12:50:36 GMT',
49 silly get     via: '1.1 varnish',
49 silly get     age: '0',
49 silly get     connection: 'keep-alive',
49 silly get     'x-served-by': 'cache-lhr6338-LHR',
49 silly get     'x-cache': 'MISS',
49 silly get     'x-cache-hits': '0',
49 silly get     'x-timer': 'S1497444636.287622,VS0,VE541' } ]
50 silly fetchPackageMetaData Error: Not found : @progress/kendo-angular-buttons
50 silly fetchPackageMetaData     at makeError (C:\Program Files\nodejs\node_modules\npm\node_modules\npm-registry-client\lib\request.js:302:12)
50 silly fetchPackageMetaData     at CachingRegistryClient.<anonymous> (C:\Program Files\nodejs\node_modules\npm\node_modules\npm-registry-client\lib\request.js:290:14)
50 silly fetchPackageMetaData     at Request._callback (C:\Program Files\nodejs\node_modules\npm\node_modules\npm-registry-client\lib\request.js:210:14)
50 silly fetchPackageMetaData     at Request.self.callback (C:\Program Files\nodejs\node_modules\npm\node_modules\request\request.js:187:22)
50 silly fetchPackageMetaData     at emitTwo (events.js:106:13)
50 silly fetchPackageMetaData     at Request.emit (events.js:191:7)
50 silly fetchPackageMetaData     at Request.<anonymous> (C:\Program Files\nodejs\node_modules\npm\node_modules\request\request.js:1048:10)
50 silly fetchPackageMetaData     at emitOne (events.js:96:13)
50 silly fetchPackageMetaData     at Request.emit (events.js:188:7)
50 silly fetchPackageMetaData     at IncomingMessage.<anonymous> (C:\Program Files\nodejs\node_modules\npm\node_modules\request\request.js:969:12)
50 silly fetchPackageMetaData  error for @progress/kendo-angular-buttons { Error: Not found : @progress/kendo-angular-buttons
50 silly fetchPackageMetaData     at makeError (C:\Program Files\nodejs\node_modules\npm\node_modules\npm-registry-client\lib\request.js:302:12)
50 silly fetchPackageMetaData     at CachingRegistryClient.<anonymous> (C:\Program Files\nodejs\node_modules\npm\node_modules\npm-registry-client\lib\request.js:290:14)
50 silly fetchPackageMetaData     at Request._callback (C:\Program Files\nodejs\node_modules\npm\node_modules\npm-registry-client\lib\request.js:210:14)
50 silly fetchPackageMetaData     at Request.self.callback (C:\Program Files\nodejs\node_modules\npm\node_modules\request\request.js:187:22)
50 silly fetchPackageMetaData     at emitTwo (events.js:106:13)
50 silly fetchPackageMetaData     at Request.emit (events.js:191:7)
50 silly fetchPackageMetaData     at Request.<anonymous> (C:\Program Files\nodejs\node_modules\npm\node_modules\request\request.js:1048:10)
50 silly fetchPackageMetaData     at emitOne (events.js:96:13)
50 silly fetchPackageMetaData     at Request.emit (events.js:188:7)
50 silly fetchPackageMetaData     at IncomingMessage.<anonymous> (C:\Program Files\nodejs\node_modules\npm\node_modules\request\request.js:969:12)
50 silly fetchPackageMetaData   pkgid: '@progress/kendo-angular-buttons',
50 silly fetchPackageMetaData   statusCode: 404,
50 silly fetchPackageMetaData   code: 'E404' }
51 http 200 https://registry.npmjs.org/@angular%2fanimations
52 verbose headers { 'content-type': 'application/json',
52 verbose headers   server: 'nginx/1.10.1',
52 verbose headers   'last-modified': 'Mon, 12 Jun 2017 22:45:39 GMT',
52 verbose headers   etag: 'W/"593f1993-86d5"',
52 verbose headers   'content-encoding': 'gzip',
52 verbose headers   'cache-control': 'max-age=0',
52 verbose headers   'transfer-encoding': 'chunked',
52 verbose headers   'accept-ranges': 'bytes',
52 verbose headers   date: 'Wed, 14 Jun 2017 12:50:36 GMT',
52 verbose headers   via: '1.1 varnish',
52 verbose headers   age: '0',
52 verbose headers   connection: 'keep-alive',
52 verbose headers   'x-served-by': 'cache-lhr6349-LHR',
52 verbose headers   'x-cache': 'MISS',
52 verbose headers   'x-cache-hits': '0',
52 verbose headers   'x-timer': 'S1497444636.303264,VS0,VE577',
52 verbose headers   vary: 'Accept-Encoding' }
53 silly get cb [ 200,
53 silly get   { 'content-type': 'application/json',
53 silly get     server: 'nginx/1.10.1',
53 silly get     'last-modified': 'Mon, 12 Jun 2017 22:45:39 GMT',
53 silly get     etag: 'W/"593f1993-86d5"',
53 silly get     'content-encoding': 'gzip',
53 silly get     'cache-control': 'max-age=0',
53 silly get     'transfer-encoding': 'chunked',
53 silly get     'accept-ranges': 'bytes',
53 silly get     date: 'Wed, 14 Jun 2017 12:50:36 GMT',
53 silly get     via: '1.1 varnish',
53 silly get     age: '0',
53 silly get     connection: 'keep-alive',
53 silly get     'x-served-by': 'cache-lhr6349-LHR',
53 silly get     'x-cache': 'MISS',
53 silly get     'x-cache-hits': '0',
53 silly get     'x-timer': 'S1497444636.303264,VS0,VE577',
53 silly get     vary: 'Accept-Encoding' } ]
54 verbose get saving @angular/animations to C:\Users\swaraj.sharma\AppData\Roaming\npm-cache\registry.npmjs.org\_40angular_252fanimations\.cache.json
55 verbose correctMkdir C:\Users\swaraj.sharma\AppData\Roaming\npm-cache correctMkdir not in flight; initializing
56 http 404 https://registry.npmjs.org/@progress%2fkendo-angular-l10n
57 verbose headers { 'content-type': 'application/json',
57 verbose headers   'cache-control': 'max-age=0',
57 verbose headers   'content-length': '21',
57 verbose headers   'accept-ranges': 'bytes',
57 verbose headers   date: 'Wed, 14 Jun 2017 12:50:36 GMT',
57 verbose headers   via: '1.1 varnish',
57 verbose headers   age: '0',
57 verbose headers   connection: 'keep-alive',
57 verbose headers   'x-served-by': 'cache-lhr6351-LHR',
57 verbose headers   'x-cache': 'MISS',
57 verbose headers   'x-cache-hits': '0',
57 verbose headers   'x-timer': 'S1497444636.309876,VS0,VE653' }
58 silly get cb [ 404,
58 silly get   { 'content-type': 'application/json',
58 silly get     'cache-control': 'max-age=0',
58 silly get     'content-length': '21',
58 silly get     'accept-ranges': 'bytes',
58 silly get     date: 'Wed, 14 Jun 2017 12:50:36 GMT',
58 silly get     via: '1.1 varnish',
58 silly get     age: '0',
58 silly get     connection: 'keep-alive',
58 silly get     'x-served-by': 'cache-lhr6351-LHR',
58 silly get     'x-cache': 'MISS',
58 silly get     'x-cache-hits': '0',
58 silly get     'x-timer': 'S1497444636.309876,VS0,VE653' } ]
59 silly fetchPackageMetaData Error: Not found : @progress/kendo-angular-l10n
59 silly fetchPackageMetaData     at makeError (C:\Program Files\nodejs\node_modules\npm\node_modules\npm-registry-client\lib\request.js:302:12)
59 silly fetchPackageMetaData     at CachingRegistryClient.<anonymous> (C:\Program Files\nodejs\node_modules\npm\node_modules\npm-registry-client\lib\request.js:290:14)
59 silly fetchPackageMetaData     at Request._callback (C:\Program Files\nodejs\node_modules\npm\node_modules\npm-registry-client\lib\request.js:210:14)
59 silly fetchPackageMetaData     at Request.self.callback (C:\Program Files\nodejs\node_modules\npm\node_modules\request\request.js:187:22)
59 silly fetchPackageMetaData     at emitTwo (events.js:106:13)
59 silly fetchPackageMetaData     at Request.emit (events.js:191:7)
59 silly fetchPackageMetaData     at Request.<anonymous> (C:\Program Files\nodejs\node_modules\npm\node_modules\request\request.js:1048:10)
59 silly fetchPackageMetaData     at emitOne (events.js:96:13)
59 silly fetchPackageMetaData     at Request.emit (events.js:188:7)
59 silly fetchPackageMetaData     at IncomingMessage.<anonymous> (C:\Program Files\nodejs\node_modules\npm\node_modules\request\request.js:969:12)
59 silly fetchPackageMetaData  error for @progress/kendo-angular-l10n { Error: Not found : @progress/kendo-angular-l10n
59 silly fetchPackageMetaData     at makeError (C:\Program Files\nodejs\node_modules\npm\node_modules\npm-registry-client\lib\request.js:302:12)
59 silly fetchPackageMetaData     at CachingRegistryClient.<anonymous> (C:\Program Files\nodejs\node_modules\npm\node_modules\npm-registry-client\lib\request.js:290:14)
59 silly fetchPackageMetaData     at Request._callback (C:\Program Files\nodejs\node_modules\npm\node_modules\npm-registry-client\lib\request.js:210:14)
59 silly fetchPackageMetaData     at Request.self.callback (C:\Program Files\nodejs\node_modules\npm\node_modules\request\request.js:187:22)
59 silly fetchPackageMetaData     at emitTwo (events.js:106:13)
59 silly fetchPackageMetaData     at Request.emit (events.js:191:7)
59 silly fetchPackageMetaData     at Request.<anonymous> (C:\Program Files\nodejs\node_modules\npm\node_modules\request\request.js:1048:10)
59 silly fetchPackageMetaData     at emitOne (events.js:96:13)
59 silly fetchPackageMetaData     at Request.emit (events.js:188:7)
59 silly fetchPackageMetaData     at IncomingMessage.<anonymous> (C:\Program Files\nodejs\node_modules\npm\node_modules\request\request.js:969:12)
59 silly fetchPackageMetaData   pkgid: '@progress/kendo-angular-l10n',
59 silly fetchPackageMetaData   statusCode: 404,
59 silly fetchPackageMetaData   code: 'E404' }
60 silly rollbackFailedOptional Starting
61 silly rollbackFailedOptional Finishing
62 silly runTopLevelLifecycles Finishing
63 silly install printInstalled
64 verbose stack Error: Not found : @progress/kendo-angular-buttons
64 verbose stack     at makeError (C:\Program Files\nodejs\node_modules\npm\node_modules\npm-registry-client\lib\request.js:302:12)
64 verbose stack     at CachingRegistryClient.<anonymous> (C:\Program Files\nodejs\node_modules\npm\node_modules\npm-registry-client\lib\request.js:290:14)
64 verbose stack     at Request._callback (C:\Program Files\nodejs\node_modules\npm\node_modules\npm-registry-client\lib\request.js:210:14)
64 verbose stack     at Request.self.callback (C:\Program Files\nodejs\node_modules\npm\node_modules\request\request.js:187:22)
64 verbose stack     at emitTwo (events.js:106:13)
64 verbose stack     at Request.emit (events.js:191:7)
64 verbose stack     at Request.<anonymous> (C:\Program Files\nodejs\node_modules\npm\node_modules\request\request.js:1048:10)
64 verbose stack     at emitOne (events.js:96:13)
64 verbose stack     at Request.emit (events.js:188:7)
64 verbose stack     at IncomingMessage.<anonymous> (C:\Program Files\nodejs\node_modules\npm\node_modules\request\request.js:969:12)
65 verbose statusCode 404
66 verbose pkgid @progress/kendo-angular-buttons
67 verbose cwd E:\Projects\Kind\OmniPot\OmniPot
68 error Windows_NT 10.0.10586
69 error argv "C:\\Program Files\\nodejs\\node.exe" "C:\\Program Files\\nodejs\\node_modules\\npm\\bin\\npm-cli.js" "install" "--save" "@progress/kendo-angular-buttons" "@progress/kendo-angular-l10n" "@angular/animations"
70 error node v6.11.0
71 error npm  v3.10.10
72 error code E404
73 error 404 Not found : @progress/kendo-angular-buttons
74 error 404
75 error 404 '@progress/kendo-angular-buttons' is not in the npm registry.
76 error 404 You should bug the author to publish it (or use the name yourself!)
77 error 404 Note that you can also install from a
78 error 404 tarball, folder, http url, or git url.
79 verbose exit [ 1, true ]
